<?xml version="1.0" encoding="UTF-8"?>
<!-- Generated by org.testng.reporters.JUnitXMLReporter -->
<testsuite ignored="0" hostname="Indian-PC" failures="1" tests="4" name="Test" time="45.554" errors="0" timestamp="2020-07-16T13:36:51 IST">
  <testcase classname="com.pom.qa.testcases.LoginGmailPageTest" name="verifyValidLogin" time="21.71">
    <failure type="java.lang.AssertionError" message="expected [Sign in] but found []">
      <![CDATA[java.lang.AssertionError: expected [Sign in] but found []
at com.pom.qa.testcases.LoginGmailPageTest.verifyValidLogin(LoginGmailPageTest.java:36)
at java.base/java.util.ArrayList.forEach(ArrayList.java:1507)
... Removed 32 stack frames]]>
    </failure>
  </testcase> <!-- verifyValidLogin -->
  <testcase classname="com.pom.qa.testcases.LoginGmailPageTest" name="gmailtitletest" time="0.101"/>
  <testcase classname="com.pom.qa.testcases.NavigateEbayPageTest" name="verifyFirstItemPrice" time="22.691"/>
  <testcase classname="com.pom.qa.testcases.NavigateEbayPageTest" name="ValidateFirstPrlicelist" time="0.834"/>
</testsuite> <!-- Test -->
